<?xml version="1.0" encoding="UTF-8"?>
<?totaltestVersion 19.3.1.v20181122-0324_770?>
<!--Topaz for Total Test 19.3.1.v20181122-0324_770 Nov 25, 2018 3:09:33 PM-->
<testsuites>
  <testsuite errors="0" failures="0" name="CWBW_Unit_Tests.CWBWCOBX_Scenario.00001: CWBWCOBXCase1" tests="6">
    <testcase classname="CWBW_Unit_Tests.CWBWCOBX_Scenario.00001: CWBWCOBXCase1" name="00001: Check for PARM_LTH"/>
    <testcase classname="CWBW_Unit_Tests.CWBWCOBX_Scenario.00001: CWBWCOBXCase1" name="00002: Check for PARM_DATA"/>
    <testcase classname="CWBW_Unit_Tests.CWBWCOBX_Scenario.00001: CWBWCOBXCase1" name="00003: Check for FILLER0"/>
    <testcase classname="CWBW_Unit_Tests.CWBWCOBX_Scenario.00001: CWBWCOBXCase1" name="00004: Check for RUN_DATE"/>
    <testcase classname="CWBW_Unit_Tests.CWBWCOBX_Scenario.00001: CWBWCOBXCase1" name="00005: Check for GRAND_TOTAL"/>
    <testcase classname="CWBW_Unit_Tests.CWBWCOBX_Scenario.00001: CWBWCOBXCase1" name="00006: Check for TOTAL_RECORD"/>
  </testsuite>
</testsuites>